<?xml version="1.0" encoding="UTF-8"?>
<!-- Generated by org.testng.reporters.JUnitReportReporter -->
<testsuite skipped="0" hostname="DESKTOP-AIBD1RS" name="com.hybrid.test.PracticePageTest" tests="1" failures="0" timestamp="27 Apr 2020 09:48:43 GMT" time="2.286" errors="0">
  <testcase name="formValidations" time="2.286" classname="com.hybrid.test.PracticePageTest"/>
</testsuite> <!-- com.hybrid.test.PracticePageTest -->
