<?xml version="1.0" encoding="UTF-8"?>
<!-- Generated by org.testng.reporters.JUnitReportReporter -->
<testsuite skipped="0" hostname="DESKTOP-AIBD1RS" name="com.hybrid.test.PracticePageTest" tests="1" failures="0" timestamp="28 Apr 2020 03:25:01 GMT" time="12.852" errors="0">
  <testcase name="formValidations" time="12.852" classname="com.hybrid.test.PracticePageTest"/>
</testsuite> <!-- com.hybrid.test.PracticePageTest -->
